<?xml version="1.0" encoding="UTF-8"?>
<coverage generated="1603658549755" clover="3.2.0">
  <project timestamp="1603658549756" name="All files">
    <metrics statements="31" coveredstatements="29" conditionals="24" coveredconditionals="20" methods="12" coveredmethods="12" elements="67" coveredelements="61" complexity="0" loc="31" ncloc="31" packages="1" files="1" classes="1"/>
    <file name="index.ts" path="/Users/jacoblowe/dev/libs/aracari/src/index.ts">
      <metrics statements="31" coveredstatements="29" conditionals="24" coveredconditionals="20" methods="12" coveredmethods="12"/>
      <line num="11" count="5" type="stmt"/>
      <line num="12" count="5" type="stmt"/>
      <line num="15" count="5" type="stmt"/>
      <line num="19" count="121" type="stmt"/>
      <line num="23" count="2" type="stmt"/>
      <line num="27" count="5" type="cond" truecount="1" falsecount="1"/>
      <line num="28" count="280" type="stmt"/>
      <line num="29" count="5" type="cond" truecount="2" falsecount="0"/>
      <line num="30" count="4" type="stmt"/>
      <line num="31" count="12" type="stmt"/>
      <line num="32" count="4" type="stmt"/>
      <line num="39" count="1" type="stmt"/>
      <line num="40" count="1" type="cond" truecount="1" falsecount="1"/>
      <line num="41" count="0" type="stmt"/>
      <line num="43" count="1" type="cond" truecount="1" falsecount="1"/>
      <line num="44" count="1" type="stmt"/>
      <line num="48" count="1" type="stmt"/>
      <line num="49" count="1" type="stmt"/>
      <line num="53" count="16" type="cond" truecount="4" falsecount="0"/>
      <line num="54" count="4" type="stmt"/>
      <line num="56" count="12" type="stmt"/>
      <line num="57" count="12" type="stmt"/>
      <line num="58" count="12" type="stmt"/>
      <line num="59" count="12" type="stmt"/>
      <line num="63" count="343" type="stmt"/>
      <line num="64" count="343" type="stmt"/>
      <line num="65" count="698" type="cond" truecount="2" falsecount="0"/>
      <line num="66" count="361" type="stmt"/>
      <line num="68" count="337" type="cond" truecount="3" falsecount="1"/>
      <line num="69" count="337" type="stmt"/>
      <line num="71" count="0" type="stmt"/>
    </file>
  </project>
</coverage>
