{"/Users/jacoblowe/dev/libs/aracari/src/index.ts": {"path":"/Users/jacoblowe/dev/libs/aracari/src/index.ts","statementMap":{"0":{"start":{"line":11,"column":4},"end":{"line":11,"column":21}},"1":{"start":{"line":12,"column":4},"end":{"line":14,"column":6}},"2":{"start":{"line":15,"column":4},"end":{"line":15,"column":49}},"3":{"start":{"line":19,"column":4},"end":{"line":19,"column":55}},"4":{"start":{"line":19,"column":40},"end":{"line":19,"column":44}},"5":{"start":{"line":23,"column":4},"end":{"line":23,"column":50}},"6":{"start":{"line":27,"column":20},"end":{"line":27,"column":67}},"7":{"start":{"line":28,"column":24},"end":{"line":28,"column":76}},"8":{"start":{"line":28,"column":54},"end":{"line":28,"column":75}},"9":{"start":{"line":29,"column":4},"end":{"line":29,"column":34}},"10":{"start":{"line":29,"column":22},"end":{"line":29,"column":34}},"11":{"start":{"line":30,"column":28},"end":{"line":30,"column":39}},"12":{"start":{"line":31,"column":17},"end":{"line":31,"column":65}},"13":{"start":{"line":31,"column":49},"end":{"line":31,"column":64}},"14":{"start":{"line":32,"column":4},"end":{"line":32,"column":43}},"15":{"start":{"line":39,"column":17},"end":{"line":39,"column":39}},"16":{"start":{"line":40,"column":4},"end":{"line":42,"column":5}},"17":{"start":{"line":41,"column":6},"end":{"line":41,"column":13}},"18":{"start":{"line":43,"column":4},"end":{"line":43,"column":66}},"19":{"start":{"line":44,"column":4},"end":{"line":44,"column":16}},"20":{"start":{"line":48,"column":4},"end":{"line":48,"column":54}},"21":{"start":{"line":49,"column":4},"end":{"line":49,"column":16}},"22":{"start":{"line":53,"column":4},"end":{"line":55,"column":5}},"23":{"start":{"line":54,"column":6},"end":{"line":54,"column":20}},"24":{"start":{"line":56,"column":20},"end":{"line":56,"column":29}},"25":{"start":{"line":57,"column":21},"end":{"line":57,"column":36}},"26":{"start":{"line":58,"column":18},"end":{"line":58,"column":62}},"27":{"start":{"line":59,"column":4},"end":{"line":59,"column":42}},"28":{"start":{"line":63,"column":29},"end":{"line":63,"column":40}},"29":{"start":{"line":64,"column":4},"end":{"line":72,"column":7}},"30":{"start":{"line":65,"column":6},"end":{"line":67,"column":7}},"31":{"start":{"line":66,"column":8},"end":{"line":66,"column":60}},"32":{"start":{"line":68,"column":6},"end":{"line":70,"column":7}},"33":{"start":{"line":69,"column":8},"end":{"line":69,"column":64}},"34":{"start":{"line":71,"column":6},"end":{"line":71,"column":16}}},"fnMap":{"0":{"name":"(anonymous_0)","decl":{"start":{"line":10,"column":2},"end":{"line":10,"column":3}},"loc":{"start":{"line":10,"column":66},"end":{"line":16,"column":3}},"line":10},"1":{"name":"(anonymous_1)","decl":{"start":{"line":18,"column":2},"end":{"line":18,"column":3}},"loc":{"start":{"line":18,"column":19},"end":{"line":20,"column":3}},"line":18},"2":{"name":"(anonymous_2)","decl":{"start":{"line":19,"column":28},"end":{"line":19,"column":29}},"loc":{"start":{"line":19,"column":40},"end":{"line":19,"column":44}},"line":19},"3":{"name":"(anonymous_3)","decl":{"start":{"line":22,"column":2},"end":{"line":22,"column":3}},"loc":{"start":{"line":22,"column":68},"end":{"line":24,"column":3}},"line":22},"4":{"name":"(anonymous_4)","decl":{"start":{"line":26,"column":2},"end":{"line":26,"column":3}},"loc":{"start":{"line":26,"column":65},"end":{"line":33,"column":3}},"line":26},"5":{"name":"(anonymous_5)","decl":{"start":{"line":28,"column":42},"end":{"line":28,"column":43}},"loc":{"start":{"line":28,"column":54},"end":{"line":28,"column":75}},"line":28},"6":{"name":"(anonymous_6)","decl":{"start":{"line":31,"column":44},"end":{"line":31,"column":45}},"loc":{"start":{"line":31,"column":49},"end":{"line":31,"column":64}},"line":31},"7":{"name":"(anonymous_7)","decl":{"start":{"line":35,"column":2},"end":{"line":35,"column":3}},"loc":{"start":{"line":35,"column":67},"end":{"line":45,"column":3}},"line":35},"8":{"name":"(anonymous_8)","decl":{"start":{"line":47,"column":2},"end":{"line":47,"column":3}},"loc":{"start":{"line":47,"column":17},"end":{"line":50,"column":3}},"line":47},"9":{"name":"(anonymous_9)","decl":{"start":{"line":52,"column":2},"end":{"line":52,"column":3}},"loc":{"start":{"line":52,"column":59},"end":{"line":60,"column":3}},"line":52},"10":{"name":"(anonymous_10)","decl":{"start":{"line":62,"column":2},"end":{"line":62,"column":3}},"loc":{"start":{"line":62,"column":61},"end":{"line":73,"column":3}},"line":62},"11":{"name":"(anonymous_11)","decl":{"start":{"line":64,"column":49},"end":{"line":64,"column":50}},"loc":{"start":{"line":64,"column":62},"end":{"line":72,"column":5}},"line":64}},"branchMap":{"0":{"loc":{"start":{"line":10,"column":23},"end":{"line":10,"column":64}},"type":"default-arg","locations":[{"start":{"line":10,"column":62},"end":{"line":10,"column":64}}],"line":10},"1":{"loc":{"start":{"line":13,"column":20},"end":{"line":13,"column":58}},"type":"binary-expr","locations":[{"start":{"line":13,"column":20},"end":{"line":13,"column":40}},{"start":{"line":13,"column":44},"end":{"line":13,"column":58}}],"line":13},"2":{"loc":{"start":{"line":22,"column":38},"end":{"line":22,"column":66}},"type":"default-arg","locations":[{"start":{"line":22,"column":62},"end":{"line":22,"column":66}}],"line":22},"3":{"loc":{"start":{"line":26,"column":35},"end":{"line":26,"column":63}},"type":"default-arg","locations":[{"start":{"line":26,"column":59},"end":{"line":26,"column":63}}],"line":26},"4":{"loc":{"start":{"line":27,"column":41},"end":{"line":27,"column":64}},"type":"cond-expr","locations":[{"start":{"line":27,"column":56},"end":{"line":27,"column":58}},{"start":{"line":27,"column":61},"end":{"line":27,"column":64}}],"line":27},"5":{"loc":{"start":{"line":29,"column":4},"end":{"line":29,"column":34}},"type":"if","locations":[{"start":{"line":29,"column":4},"end":{"line":29,"column":34}},{"start":{"line":29,"column":4},"end":{"line":29,"column":34}}],"line":29},"6":{"loc":{"start":{"line":40,"column":4},"end":{"line":42,"column":5}},"type":"if","locations":[{"start":{"line":40,"column":4},"end":{"line":42,"column":5}},{"start":{"line":40,"column":4},"end":{"line":42,"column":5}}],"line":40},"7":{"loc":{"start":{"line":43,"column":25},"end":{"line":43,"column":63}},"type":"cond-expr","locations":[{"start":{"line":43,"column":48},"end":{"line":43,"column":53}},{"start":{"line":43,"column":56},"end":{"line":43,"column":63}}],"line":43},"8":{"loc":{"start":{"line":53,"column":4},"end":{"line":55,"column":5}},"type":"if","locations":[{"start":{"line":53,"column":4},"end":{"line":55,"column":5}},{"start":{"line":53,"column":4},"end":{"line":55,"column":5}}],"line":53},"9":{"loc":{"start":{"line":53,"column":8},"end":{"line":53,"column":31}},"type":"binary-expr","locations":[{"start":{"line":53,"column":8},"end":{"line":53,"column":20}},{"start":{"line":53,"column":24},"end":{"line":53,"column":31}}],"line":53},"10":{"loc":{"start":{"line":62,"column":40},"end":{"line":62,"column":59}},"type":"default-arg","locations":[{"start":{"line":62,"column":57},"end":{"line":62,"column":59}}],"line":62},"11":{"loc":{"start":{"line":65,"column":6},"end":{"line":67,"column":7}},"type":"if","locations":[{"start":{"line":65,"column":6},"end":{"line":67,"column":7}},{"start":{"line":65,"column":6},"end":{"line":67,"column":7}}],"line":65},"12":{"loc":{"start":{"line":68,"column":6},"end":{"line":70,"column":7}},"type":"if","locations":[{"start":{"line":68,"column":6},"end":{"line":70,"column":7}},{"start":{"line":68,"column":6},"end":{"line":70,"column":7}}],"line":68},"13":{"loc":{"start":{"line":68,"column":10},"end":{"line":68,"column":62}},"type":"binary-expr","locations":[{"start":{"line":68,"column":10},"end":{"line":68,"column":34}},{"start":{"line":68,"column":38},"end":{"line":68,"column":62}}],"line":68}},"s":{"0":5,"1":5,"2":5,"3":2,"4":121,"5":2,"6":5,"7":5,"8":280,"9":5,"10":1,"11":4,"12":4,"13":12,"14":4,"15":1,"16":1,"17":0,"18":1,"19":1,"20":1,"21":1,"22":16,"23":4,"24":12,"25":12,"26":12,"27":12,"28":343,"29":343,"30":698,"31":361,"32":337,"33":337,"34":0},"f":{"0":5,"1":2,"2":121,"3":2,"4":5,"5":280,"6":12,"7":1,"8":1,"9":16,"10":343,"11":698},"b":{"0":[5],"1":[5,5],"2":[2],"3":[3],"4":[5,0],"5":[1,4],"6":[0,1],"7":[1,0],"8":[4,12],"9":[16,12],"10":[6],"11":[361,337],"12":[337,0],"13":[337,337]},"_coverageSchema":"1a1c01bbd47fc00a2c39e90264f33305004495a9","hash":"d9de5215a0aa3dd6777dc833d7a87046415340b2"}
}
