TN:
SF:src/index.ts
FN:10,(anonymous_0)
FN:18,(anonymous_1)
FN:19,(anonymous_2)
FN:22,(anonymous_3)
FN:26,(anonymous_4)
FN:28,(anonymous_5)
FN:31,(anonymous_6)
FN:35,(anonymous_7)
FN:47,(anonymous_8)
FN:52,(anonymous_9)
FN:62,(anonymous_10)
FN:64,(anonymous_11)
FNF:12
FNH:12
FNDA:5,(anonymous_0)
FNDA:2,(anonymous_1)
FNDA:121,(anonymous_2)
FNDA:2,(anonymous_3)
FNDA:5,(anonymous_4)
FNDA:280,(anonymous_5)
FNDA:12,(anonymous_6)
FNDA:1,(anonymous_7)
FNDA:1,(anonymous_8)
FNDA:16,(anonymous_9)
FNDA:343,(anonymous_10)
FNDA:698,(anonymous_11)
DA:11,5
DA:12,5
DA:15,5
DA:19,121
DA:23,2
DA:27,5
DA:28,280
DA:29,5
DA:30,4
DA:31,12
DA:32,4
DA:39,1
DA:40,1
DA:41,0
DA:43,1
DA:44,1
DA:48,1
DA:49,1
DA:53,16
DA:54,4
DA:56,12
DA:57,12
DA:58,12
DA:59,12
DA:63,343
DA:64,343
DA:65,698
DA:66,361
DA:68,337
DA:69,337
DA:71,0
LF:31
LH:29
BRDA:10,0,0,5
BRDA:13,1,0,5
BRDA:13,1,1,5
BRDA:22,2,0,2
BRDA:26,3,0,3
BRDA:27,4,0,5
BRDA:27,4,1,0
BRDA:29,5,0,1
BRDA:29,5,1,4
BRDA:40,6,0,0
BRDA:40,6,1,1
BRDA:43,7,0,1
BRDA:43,7,1,0
BRDA:53,8,0,4
BRDA:53,8,1,12
BRDA:53,9,0,16
BRDA:53,9,1,12
BRDA:62,10,0,6
BRDA:65,11,0,361
BRDA:65,11,1,337
BRDA:68,12,0,337
BRDA:68,12,1,0
BRDA:68,13,0,337
BRDA:68,13,1,337
BRF:24
BRH:20
end_of_record
